
> finbridge-ai-frontend@0.1.0 dev
> next dev

 âš  Warning: Next.js inferred your workspace root, but it may not be correct.
 We detected multiple lockfiles and selected the directory of C:\Users\Utkarsh\Desktop\spice_strat\package-lock.json as the root directory.
 To silence this warning, set `outputFileTracingRoot` in your Next.js config, or consider removing one of the lockfiles if it's not needed.
   See https://nextjs.org/docs/app/api-reference/config/next-config-js/output#caveats for more information.
 Detected additional lockfiles: 
   * C:\Users\Utkarsh\Desktop\spice_strat\frontend\package-lock.json

 âš  Port 3000 is in use by process 29252, using available port 3002 instead.
   â–˛ Next.js 15.5.15
   - Local:        http://localhost:3002
   - Network:      http://10.5.0.2:3002
   - Environments: .env.local

 âś“ Starting...
 âś“ Ready in 2.2s
 â—‹ Compiling / ...
 âś“ Compiled / in 2.5s (1753 modules)
 GET / 200 in 3004ms
<w> [webpack.cache.PackFileCacheStrategy] Restoring pack failed from C:\Users\Utkarsh\Desktop\spice_strat\frontend\.next\cache\webpack\client-development.pack.gz: Error: incorrect header check
 âś“ Compiled in 8.7s (1776 modules)
 âś“ Compiled in 818ms (812 modules)
 âś“ Compiled in 483ms (812 modules)
 âš  ./components/scenario-library.tsx
Attempted import error: 'scenarios' is not exported from '@/lib/mock-data' (imported as 'scenarios').

Import trace for requested module:
./components/scenario-library.tsx
./components/dashboard-shell.tsx
./app/page.tsx

./components/sidebar.tsx
Attempted import error: 'scenarios' is not exported from '@/lib/mock-data' (imported as 'scenarioData').

Import trace for requested module:
./components/sidebar.tsx
./components/dashboard-shell.tsx
./app/page.tsx

./components/scenario-library.tsx
Attempted import error: 'scenarios' is not exported from '@/lib/mock-data' (imported as 'scenarios').

Import trace for requested module:
./components/scenario-library.tsx
./components/dashboard-shell.tsx
./app/page.tsx

./components/sidebar.tsx
Attempted import error: 'scenarios' is not exported from '@/lib/mock-data' (imported as 'scenarioData').

Import trace for requested module:
./components/sidebar.tsx
./components/dashboard-shell.tsx
./app/page.tsx
 âš  ./components/scenario-library.tsx
Attempted import error: 'scenarios' is not exported from '@/lib/mock-data' (imported as 'scenarios').

Import trace for requested module:
./components/scenario-library.tsx
./components/dashboard-shell.tsx
./app/page.tsx

./components/scenario-library.tsx
Attempted import error: 'scenarios' is not exported from '@/lib/mock-data' (imported as 'scenarios').

Import trace for requested module:
./components/scenario-library.tsx
./components/dashboard-shell.tsx
./app/page.tsx
 âś“ Compiled in 1749ms (1734 modules)
 âś“ Compiled in 777ms (1764 modules)
 âś“ Compiled in 958ms (1764 modules)
 âś“ Compiled in 599ms (806 modules)
 âś“ Compiled in 913ms (806 modules)
 âś“ Compiled in 459ms (806 modules)
 âś“ Compiled in 3.2s (1772 modules)
 âś“ Compiled in 1211ms (1772 modules)
 âś“ Compiled in 2.6s (1772 modules)
 âś“ Compiled in 1926ms (1772 modules)
 âś“ Compiled in 2.9s (2105 modules)
 âś“ Compiled in 865ms (2105 modules)
 âś“ Compiled in 380ms (976 modules)
 âś“ Compiled in 1567ms (2105 modules)
 âś“ Compiled in 1135ms (2105 modules)
 â¨Ż ./components/contextual-chat.tsx
Error:   [31mx[0m Unexpected token. Did you mean `{'}'}` or `&rbrace;`?
     ,-[[36;1;4mC:\Users\Utkarsh\Desktop\spice_strat\frontend\components\contextual-chat.tsx[0m:459:1]
 [2m456[0m |       </div>
 [2m457[0m |     </motion.div>
 [2m458[0m |   );
 [2m459[0m | }
     : [35;1m^[0m
     `----
  [31mx[0m Expected '</', got 'jsx text (
  [31m|[0m   );
  [31m|[0m }
  [31m|[0m )'
     ,-[[36;1;4mC:\Users\Utkarsh\Desktop\spice_strat\frontend\components\contextual-chat.tsx[0m:457:1]
 [2m454[0m |               </Button>
 [2m455[0m |             </form>
 [2m456[0m |           </div>
 [2m457[0m | [35;1m,[0m[35;1m-[0m[35;1m>[0m     </motion.div>
 [2m458[0m | [35;1m|[0m     );
 [2m459[0m | [35;1m`[0m[35;1m-[0m[35;1m>[0m }
     `----

Caused by:
    Syntax Error

Import trace for requested module:
./components/contextual-chat.tsx
./components/project-dashboard.tsx
./components/dashboard-shell.tsx
./app/page.tsx
 âś“ Compiled in 1403ms (2105 modules)
 âś“ Compiled in 5s (2105 modules)
 âś“ Compiled in 1002ms (2105 modules)
<w> [webpack.cache.PackFileCacheStrategy] Caching failed for pack: Error: ENOENT: no such file or directory, rename 'C:\Users\Utkarsh\Desktop\spice_strat\frontend\.next\cache\webpack\server-development\7.pack.gz_' -> 'C:\Users\Utkarsh\Desktop\spice_strat\frontend\.next\cache\webpack\server-development\7.pack.gz'
 âś“ Compiled in 1726ms (2105 modules)
 âś“ Compiled in 1939ms (2105 modules)
 âś“ Compiled in 1374ms (2105 modules)
 âś“ Compiled in 1198ms (2105 modules)
 âś“ Compiled in 785ms (2105 modules)
 âś“ Compiled in 889ms (2105 modules)
 âś“ Compiled in 738ms (2105 modules)
 âś“ Compiled in 2.7s (2105 modules)
 âś“ Compiled in 2.5s (2105 modules)
 âś“ Compiled in 1348ms (2105 modules)
